<?xml version="1.0" encoding="UTF-8"?>
<!-- Generated by org.testng.reporters.JUnitReportReporter -->
<testsuite hostname="DESKTOP-LLAUDF3" failures="0" tests="1" name="testcases.TC14_WriteReview_Without_SignIn" time="22.693" errors="0" timestamp="2024-03-18T08:31:04 IST" skipped="0">
  <testcase classname="testcases.TC14_WriteReview_Without_SignIn" name="verifyReviewMesaage" time="22.693"/>
</testsuite> <!-- testcases.TC14_WriteReview_Without_SignIn -->
