<?xml version="1.0" encoding="UTF-8"?>
<!-- Generated by org.testng.reporters.JUnitReportReporter -->
<testsuite hostname="DESKTOP-LLAUDF3" failures="0" tests="2" name="testcases.TC09_Verify_Searched_Product_Title" time="8.763" errors="0" timestamp="2024-03-20T20:35:05 IST" skipped="0">
  <testcase classname="testcases.TC09_Verify_Searched_Product_Title" name="verifySearchText" time="8.565"/>
  <testcase classname="testcases.TC09_Verify_Searched_Product_Title" name="verifyProductTitle" time="0.198"/>
</testsuite> <!-- testcases.TC09_Verify_Searched_Product_Title -->
