<?xml version="1.0" encoding="UTF-8"?>
<!-- Generated by org.testng.reporters.JUnitReportReporter -->
<testsuite hostname="DESKTOP-LLAUDF3" failures="0" tests="1" name="testcases.TC23_Place_Order" time="62.963" errors="0" timestamp="2024-03-19T11:38:07 IST" skipped="0">
  <testcase classname="testcases.TC23_Place_Order" name="verifyPlaceOrder" time="62.963"/>
</testsuite> <!-- testcases.TC23_Place_Order -->
