<?xml version="1.0" encoding="UTF-8"?>
<!-- Generated by org.testng.reporters.JUnitReportReporter -->
<testsuite hostname="DESKTOP-LLAUDF3" failures="0" tests="2" name="testcases.TC13_Verify_More_Information_Tab" time="10.198" errors="0" timestamp="2024-03-20T21:00:27 IST" skipped="0">
  <testcase classname="testcases.TC13_Verify_More_Information_Tab" name="verifyMoreIfo" time="8.175"/>
  <testcase classname="testcases.TC13_Verify_More_Information_Tab" name="printMoreInfo" time="2.023"/>
</testsuite> <!-- testcases.TC13_Verify_More_Information_Tab -->
