<?xml version="1.0" encoding="UTF-8"?>
<!-- Generated by org.testng.reporters.JUnitReportReporter -->
<testsuite hostname="DESKTOP-LLAUDF3" failures="0" tests="2" name="testcases.TC11_Verify_Sales_Page" time="3.261" errors="0" timestamp="2024-03-20T20:51:31 IST" skipped="0">
  <testcase classname="testcases.TC11_Verify_Sales_Page" name="verifySalesPage" time="1.702"/>
  <testcase classname="testcases.TC11_Verify_Sales_Page" name="verifyWomenSalesPage" time="1.559"/>
</testsuite> <!-- testcases.TC11_Verify_Sales_Page -->
