<?xml version="1.0" encoding="UTF-8"?>
<!-- Generated by org.testng.reporters.JUnitReportReporter -->
<testsuite hostname="DESKTOP-LLAUDF3" failures="0" tests="2" name="testcases.TC9_Add_Product_To_Cart_By_Searching" time="7.992" errors="0" timestamp="2024-03-17T11:14:14 IST" skipped="0">
  <testcase classname="testcases.TC9_Add_Product_To_Cart_By_Searching" name="verifySearchText" time="7.667"/>
  <testcase classname="testcases.TC9_Add_Product_To_Cart_By_Searching" name="verifyProductTitle" time="0.325"/>
</testsuite> <!-- testcases.TC9_Add_Product_To_Cart_By_Searching -->
