<?xml version="1.0" encoding="UTF-8"?>
<!-- Generated by org.testng.reporters.JUnitReportReporter -->
<testsuite hostname="DESKTOP-LLAUDF3" failures="0" tests="1" name="testcases.TC4_Verify_Welcome_Message" time="16.354" errors="0" timestamp="2024-03-17T07:56:42 IST" skipped="0">
  <testcase classname="testcases.TC4_Verify_Welcome_Message" name="verifyWelcomeMsg" time="16.354"/>
</testsuite> <!-- testcases.TC4_Verify_Welcome_Message -->
