<?xml version="1.0" encoding="UTF-8"?>
<!-- Generated by org.testng.reporters.JUnitReportReporter -->
<testsuite hostname="DESKTOP-LLAUDF3" failures="0" tests="2" name="testcases.TC6_Verify_Search_Button" time="8.729" errors="0" timestamp="2024-03-17T08:53:23 IST" skipped="0">
  <testcase classname="testcases.TC6_Verify_Search_Button" name="verifySeachTab" time="0.852"/>
  <testcase classname="testcases.TC6_Verify_Search_Button" name="verifySearchText" time="7.877"/>
</testsuite> <!-- testcases.TC6_Verify_Search_Button -->
