<?xml version="1.0" encoding="UTF-8"?>
<!-- Generated by org.testng.reporters.JUnitReportReporter -->
<testsuite hostname="DESKTOP-LLAUDF3" failures="0" tests="3" name="testcases.TC17_Add_To_Cart_From_Wishlist" time="49.431" errors="0" timestamp="2024-03-18T11:13:58 IST" skipped="0">
  <testcase classname="testcases.TC17_Add_To_Cart_From_Wishlist" name="verifyProductDetailspage" time="34.830"/>
  <testcase classname="testcases.TC17_Add_To_Cart_From_Wishlist" name="verifyWaring" time="5.188"/>
  <testcase classname="testcases.TC17_Add_To_Cart_From_Wishlist" name="verifyAddCartMessage" time="9.413"/>
</testsuite> <!-- testcases.TC17_Add_To_Cart_From_Wishlist -->
