<?xml version="1.0" encoding="UTF-8"?>
<!-- Generated by org.testng.reporters.JUnitReportReporter -->
<testsuite hostname="DESKTOP-LLAUDF3" failures="0" tests="1" name="testcases.TC05_Verify_Store_Menu_Items" time="2.185" errors="0" timestamp="2024-03-20T11:16:42 IST" skipped="0">
  <testcase classname="testcases.TC05_Verify_Store_Menu_Items" name="verifyMenuItems" time="2.185"/>
</testsuite> <!-- testcases.TC05_Verify_Store_Menu_Items -->
