<?xml version="1.0" encoding="UTF-8"?>
<!-- Generated by org.testng.reporters.JUnitReportReporter -->
<testsuite hostname="DESKTOP-LLAUDF3" failures="0" tests="2" name="testcases.TC07_VerifyLogo" time="9.088" errors="0" timestamp="2024-03-20T11:21:07 IST" skipped="0">
  <testcase classname="testcases.TC07_VerifyLogo" name="VerfiyLogo" time="1.117"/>
  <testcase classname="testcases.TC07_VerifyLogo" name="verifynavigation" time="7.971"/>
</testsuite> <!-- testcases.TC07_VerifyLogo -->
