<?xml version="1.0" encoding="UTF-8"?>
<!-- Generated by org.testng.reporters.JUnitReportReporter -->
<testsuite hostname="DESKTOP-LLAUDF3" failures="0" tests="3" name="testcases.TC2_Signin_With_Registered_Account" time="14.409" errors="0" timestamp="2024-03-16T23:03:46 IST" skipped="0">
  <testcase classname="testcases.TC2_Signin_With_Registered_Account" name="verifyhomePage" time="0.786"/>
  <testcase classname="testcases.TC2_Signin_With_Registered_Account" name="verifyCustomerLogin" time="5.857"/>
  <testcase classname="testcases.TC2_Signin_With_Registered_Account" name="VerifySignout" time="7.766"/>
</testsuite> <!-- testcases.TC2_Signin_With_Registered_Account -->
