<?xml version="1.0" encoding="UTF-8"?>
<!-- Generated by org.testng.reporters.JUnitReportReporter -->
<testsuite hostname="DESKTOP-LLAUDF3" failures="0" tests="1" name="testcases.TC12_Scroll_And_Click_On_Products" time="2.229" errors="0" timestamp="2024-03-20T20:53:17 IST" skipped="0">
  <testcase classname="testcases.TC12_Scroll_And_Click_On_Products" name="verifyProductPage" time="2.229"/>
</testsuite> <!-- testcases.TC12_Scroll_And_Click_On_Products -->
