<?xml version="1.0" encoding="UTF-8"?>
<!-- Generated by org.testng.reporters.JUnitReportReporter -->
<testsuite hostname="DESKTOP-LLAUDF3" failures="0" tests="1" name="testcases.TC24_Verify_OrderId_From_Orders_Table" time="57.781" errors="0" timestamp="2024-03-19T20:09:20 IST" skipped="0">
  <testcase classname="testcases.TC24_Verify_OrderId_From_Orders_Table" name="verifyOrderId" time="57.781"/>
</testsuite> <!-- testcases.TC24_Verify_OrderId_From_Orders_Table -->
