<?xml version="1.0" encoding="UTF-8"?>
<!-- Generated by org.testng.reporters.JUnitReportReporter -->
<testsuite hostname="DESKTOP-LLAUDF3" failures="0" tests="3" name="testcases.TC08_VerifyMousehover_On_Storemenu_Items" time="5.548" errors="0" timestamp="2024-03-20T11:26:38 IST" skipped="0">
  <testcase classname="testcases.TC08_VerifyMousehover_On_Storemenu_Items" name="verifyMenuItems" time="0.866"/>
  <testcase classname="testcases.TC08_VerifyMousehover_On_Storemenu_Items" name="MouseHover" time="3.948"/>
  <testcase classname="testcases.TC08_VerifyMousehover_On_Storemenu_Items" name="verifyNavigationPageTitle" time="0.734"/>
</testsuite> <!-- testcases.TC08_VerifyMousehover_On_Storemenu_Items -->
