<?xml version="1.0" encoding="UTF-8"?>
<!-- Generated by org.testng.reporters.JUnitReportReporter -->
<testsuite hostname="DESKTOP-LLAUDF3" failures="0" tests="1" name="testcases.TC18_Add_Product_From_HotSEllers" time="8.245" errors="0" timestamp="2024-03-18T18:01:40 IST" skipped="0">
  <testcase classname="testcases.TC18_Add_Product_From_HotSEllers" name="VerifyAddCartFromHotsellers" time="8.245"/>
</testsuite> <!-- testcases.TC18_Add_Product_From_HotSEllers -->
