<?xml version="1.0" encoding="UTF-8"?>
<!-- Generated by org.testng.reporters.JUnitReportReporter -->
<testsuite hostname="DESKTOP-LLAUDF3" failures="0" tests="1" name="testcases.TC20_Remove_Items_From_Cart" time="30.859" errors="0" timestamp="2024-03-21T07:12:54 IST" skipped="0">
  <testcase classname="testcases.TC20_Remove_Items_From_Cart" name="VerifyRemobeItemsFromCart" time="30.859"/>
</testsuite> <!-- testcases.TC20_Remove_Items_From_Cart -->
