<?xml version="1.0" encoding="UTF-8"?>
<!-- Generated by org.testng.reporters.JUnitReportReporter -->
<testsuite hostname="DESKTOP-LLAUDF3" failures="0" tests="1" name="testcases.TC10_Add_Product_To_Cart_Without_Signin" time="14.139" errors="0" timestamp="2024-03-17T19:33:42 IST" skipped="0">
  <testcase classname="testcases.TC10_Add_Product_To_Cart_Without_Signin" name="verifyWarningMessage" time="14.139"/>
</testsuite> <!-- testcases.TC10_Add_Product_To_Cart_Without_Signin -->
