<?xml version="1.0" encoding="UTF-8"?>
<!-- Generated by org.testng.reporters.JUnitReportReporter -->
<testsuite hostname="DESKTOP-LLAUDF3" failures="0" tests="1" name="testcases.TC21_Verify_Cart_Count" time="18.501" errors="0" timestamp="2024-03-19T07:49:03 IST" skipped="0">
  <testcase classname="testcases.TC21_Verify_Cart_Count" name="verifyCartCount" time="18.501"/>
</testsuite> <!-- testcases.TC21_Verify_Cart_Count -->
