<?xml version="1.0" encoding="UTF-8"?>
<!-- Generated by org.testng.reporters.JUnitReportReporter -->
<testsuite hostname="DESKTOP-LLAUDF3" failures="0" tests="1" name="testcases.TC16_Add_Products_To_WishList_After_signin" time="26.180" errors="0" timestamp="2024-03-21T07:00:39 IST" skipped="0">
  <testcase classname="testcases.TC16_Add_Products_To_WishList_After_signin" name="VerifyWishListSuccesssMesage" time="26.180"/>
</testsuite> <!-- testcases.TC16_Add_Products_To_WishList_After_signin -->
