<?xml version="1.0" encoding="UTF-8"?>
<!-- Generated by org.testng.reporters.JUnitReportReporter -->
<testsuite hostname="DESKTOP-LLAUDF3" failures="0" tests="1" name="testcases.TC22_Verify_Shipping_Address" time="30.408" errors="0" timestamp="2024-03-19T09:39:11 IST" skipped="0">
  <testcase classname="testcases.TC22_Verify_Shipping_Address" name="verifyshippingAddres" time="30.408"/>
</testsuite> <!-- testcases.TC22_Verify_Shipping_Address -->
