<?xml version="1.0" encoding="UTF-8"?>
<!-- Generated by org.testng.reporters.JUnitReportReporter -->
<testsuite hostname="DESKTOP-LLAUDF3" failures="0" tests="1" name="testcases.TC5_Verify_Store_Menu_Items" time="2.625" errors="0" timestamp="2024-03-17T08:30:58 IST" skipped="0">
  <testcase classname="testcases.TC5_Verify_Store_Menu_Items" name="verifyMenuItems" time="2.625"/>
</testsuite> <!-- testcases.TC5_Verify_Store_Menu_Items -->
