<?xml version="1.0" encoding="UTF-8"?>
<!-- Generated by org.testng.reporters.JUnitReportReporter -->
<testsuite hostname="DESKTOP-LLAUDF3" failures="0" tests="3" name="testcases.TC3_Edit_Account_Info" time="27.112" errors="0" timestamp="2024-03-17T07:41:06 IST" skipped="0">
  <testcase classname="testcases.TC3_Edit_Account_Info" name="verifyCustomerLogin" time="4.846"/>
  <testcase classname="testcases.TC3_Edit_Account_Info" name="VerifyEditText" time="19.076"/>
  <testcase classname="testcases.TC3_Edit_Account_Info" name="VerifySignout" time="3.190"/>
</testsuite> <!-- testcases.TC3_Edit_Account_Info -->
