<?xml version="1.0" encoding="UTF-8"?>
<!-- Generated by org.testng.reporters.JUnitReportReporter -->
<testsuite hostname="DESKTOP-LLAUDF3" failures="0" tests="1" name="testcases.TC25_Verify_Print_Receipt_Page" time="56.185" errors="0" timestamp="2024-03-20T08:03:55 IST" skipped="0">
  <testcase classname="testcases.TC25_Verify_Print_Receipt_Page" name="verifyPrintReceipt" time="56.185"/>
</testsuite> <!-- testcases.TC25_Verify_Print_Receipt_Page -->
