<?xml version="1.0" encoding="UTF-8"?>
<!-- Generated by org.testng.reporters.JUnitReportReporter -->
<testsuite hostname="DESKTOP-LLAUDF3" failures="0" tests="1" name="testcases.TC10_Add_Product_To_Cart_Without_Choosing_Option" time="15.969" errors="0" timestamp="2024-03-20T20:38:12 IST" skipped="0">
  <testcase classname="testcases.TC10_Add_Product_To_Cart_Without_Choosing_Option" name="verifyWarningMessage" time="15.969"/>
</testsuite> <!-- testcases.TC10_Add_Product_To_Cart_Without_Choosing_Option -->
