<?xml version="1.0" encoding="UTF-8"?>
<!-- Generated by org.testng.reporters.JUnitReportReporter -->
<testsuite hostname="DESKTOP-LLAUDF3" failures="0" tests="1" name="testcases.TC04_Verify_Welcome_Message" time="13.152" errors="0" timestamp="2024-03-20T11:15:48 IST" skipped="0">
  <testcase classname="testcases.TC04_Verify_Welcome_Message" name="verifyWelcomeMsg" time="13.152"/>
</testsuite> <!-- testcases.TC04_Verify_Welcome_Message -->
