<?xml version="1.0" encoding="UTF-8"?>
<!-- Generated by org.testng.reporters.JUnitReportReporter -->
<testsuite hostname="DESKTOP-LLAUDF3" failures="0" tests="2" name="testcases.TC01_Create_An_Account" time="28.371" errors="0" timestamp="2024-03-20T11:00:26 IST" skipped="0">
  <testcase classname="testcases.TC01_Create_An_Account" name="verifyhomePage" time="3.025"/>
  <testcase classname="testcases.TC01_Create_An_Account" name="createAccount" time="25.346"/>
</testsuite> <!-- testcases.TC01_Create_An_Account -->
