<?xml version="1.0" encoding="UTF-8"?>
<!-- Generated by org.testng.reporters.JUnitReportReporter -->
<testsuite hostname="DESKTOP-LLAUDF3" failures="0" tests="2" name="testcases.TC7_VerifyLogo" time="15.640" errors="0" timestamp="2024-03-17T09:16:17 IST" skipped="0">
  <testcase classname="testcases.TC7_VerifyLogo" name="VerfiyLogo" time="1.625"/>
  <testcase classname="testcases.TC7_VerifyLogo" name="verifynavigation" time="14.015"/>
</testsuite> <!-- testcases.TC7_VerifyLogo -->
