<?xml version="1.0" encoding="UTF-8"?>
<!-- Generated by org.testng.reporters.JUnitReportReporter -->
<testsuite hostname="DESKTOP-LLAUDF3" failures="0" tests="1" name="testcases.TC02_Signin_With_Registered_Account" time="1.660" errors="0" timestamp="2024-03-20T10:55:25 IST" skipped="0">
  <testcase classname="testcases.TC02_Signin_With_Registered_Account" name="verifyhomePage" time="1.660"/>
</testsuite> <!-- testcases.TC02_Signin_With_Registered_Account -->
