<?xml version="1.0" encoding="UTF-8"?>
<!-- Generated by org.testng.reporters.JUnitReportReporter -->
<testsuite hostname="DESKTOP-LLAUDF3" failures="0" tests="3" name="testcases.TC8_VerifyMousehover_On_Storemenu_Items" time="9.784" errors="0" timestamp="2024-03-17T09:51:19 IST" skipped="0">
  <testcase classname="testcases.TC8_VerifyMousehover_On_Storemenu_Items" name="verifyMenuItems" time="2.208"/>
  <testcase classname="testcases.TC8_VerifyMousehover_On_Storemenu_Items" name="MouseHover" time="6.253"/>
  <testcase classname="testcases.TC8_VerifyMousehover_On_Storemenu_Items" name="verifyNavigationPageTitle" time="1.323"/>
</testsuite> <!-- testcases.TC8_VerifyMousehover_On_Storemenu_Items -->
