<?xml version="1.0" encoding="UTF-8"?>
<!-- Generated by org.testng.reporters.JUnitReportReporter -->
<testsuite hostname="DESKTOP-LLAUDF3" failures="0" tests="1" name="testcases.TC19_Verify_Cart_Items" time="26.715" errors="0" timestamp="2024-03-18T18:47:37 IST" skipped="0">
  <testcase classname="testcases.TC19_Verify_Cart_Items" name="verifyCartItems" time="26.715"/>
</testsuite> <!-- testcases.TC19_Verify_Cart_Items -->
