<?xml version="1.0" encoding="UTF-8"?>
<!-- Generated by org.testng.reporters.JUnitReportReporter -->
<testsuite hostname="DESKTOP-LLAUDF3" failures="0" tests="2" name="testcases.TC06_Verify_Search_Button" time="10.031" errors="0" timestamp="2024-03-20T11:18:46 IST" skipped="0">
  <testcase classname="testcases.TC06_Verify_Search_Button" name="verifySeachTab" time="1.221"/>
  <testcase classname="testcases.TC06_Verify_Search_Button" name="verifySearchText" time="8.810"/>
</testsuite> <!-- testcases.TC06_Verify_Search_Button -->
